<?xml version="1.0" encoding="UTF-8"?>
<!-- Generated by org.testng.reporters.JUnitReportReporter -->
<testsuite hostname="LAPTOP-9FNV8SG3" failures="0" tests="1" name="com.eytest.testcases.CareerPageTests" time="1.555" errors="0" timestamp="2022-01-08T10:58:50 IST" skipped="0">
  <testcase classname="com.eytest.testcases.CareerPageTests" name="launchPage" time="1.555"/>
  <system-out/>
</testsuite> <!-- com.eytest.testcases.CareerPageTests -->
